# JRE version: OpenJDK Runtime Environment (17.0.1+12) (build 17.0.1+12-39)
# Java VM: OpenJDK 64-Bit Server VM (17.0.1+12-39, mixed mode, sharing, tiered, compressed oops, compressed class ptrs, g1 gc, windows-amd64)
GC Precious Log:
 CPUs: 16 total, 16 available
 Memory: 16334M
 Large Page Support: Disabled
 NUMA Support: Disabled
 Compressed Oops: Enabled (Zero based)
 Heap Region Size: 2M
 Heap Min Capacity: 8M
 Heap Initial Capacity: 256M
 Heap Max Capacity: 4084M
 Pre-touch: Disabled
 Parallel Workers: 13
 Concurrent Workers: 3
 Concurrent Refinement Workers: 13
 Periodic GC: Disabled
Heap:
 garbage-first heap   total 102400K, used 34024K [0x0000000700c00000, 0x0000000800000000)
  region size 2048K, 7 young (14336K), 3 survivors (6144K)
 Metaspace       used 60227K, committed 60672K, reserved 1105920K
  class space    used 7910K, committed 8128K, reserved 1048576K
GC Heap History (20 events):
Event: 2.439 GC heap before
{Heap before GC invocations=5 (full 0):
 garbage-first heap   total 55296K, used 14717K [0x0000000700c00000, 0x0000000800000000)
  region size 2048K, 3 young (6144K), 2 survivors (4096K)
 Metaspace       used 26162K, committed 26432K, reserved 1073152K
  class space    used 3274K, committed 3392K, reserved 1048576K
}
Event: 2.442 GC heap after
{Heap after GC invocations=6 (full 0):
 garbage-first heap   total 55296K, used 14895K [0x0000000700c00000, 0x0000000800000000)
  region size 2048K, 1 young (2048K), 1 survivors (2048K)
 Metaspace       used 26162K, committed 26432K, reserved 1073152K
  class space    used 3274K, committed 3392K, reserved 1048576K
}
Event: 2.447 GC heap before
{Heap before GC invocations=6 (full 0):
 garbage-first heap   total 55296K, used 31279K [0x0000000700c00000, 0x0000000800000000)
  region size 2048K, 10 young (20480K), 1 survivors (2048K)
 Metaspace       used 26162K, committed 26432K, reserved 1073152K
  class space    used 3274K, committed 3392K, reserved 1048576K
}
Event: 2.447 GC heap after
{Heap after GC invocations=7 (full 0):
 garbage-first heap   total 55296K, used 14924K [0x0000000700c00000, 0x0000000800000000)
  region size 2048K, 1 young (2048K), 1 survivors (2048K)
 Metaspace       used 26162K, committed 26432K, reserved 1073152K
  class space    used 3274K, committed 3392K, reserved 1048576K
}
Event: 2.566 GC heap before
{Heap before GC invocations=7 (full 0):
 garbage-first heap   total 55296K, used 33356K [0x0000000700c00000, 0x0000000800000000)
  region size 2048K, 11 young (22528K), 1 survivors (2048K)
 Metaspace       used 26975K, committed 27328K, reserved 1073152K
  class space    used 3386K, committed 3520K, reserved 1048576K
}
Event: 2.569 GC heap after
{Heap after GC invocations=8 (full 0):
 garbage-first heap   total 159744K, used 15602K [0x0000000700c00000, 0x0000000800000000)
  region size 2048K, 1 young (2048K), 1 survivors (2048K)
 Metaspace       used 26975K, committed 27328K, reserved 1073152K
  class space    used 3386K, committed 3520K, reserved 1048576K
}
Event: 3.282 GC heap before
{Heap before GC invocations=8 (full 0):
 garbage-first heap   total 159744K, used 48370K [0x0000000700c00000, 0x0000000800000000)
  region size 2048K, 18 young (36864K), 1 survivors (2048K)
 Metaspace       used 35705K, committed 35968K, reserved 1081344K
  class space    used 4663K, committed 4800K, reserved 1048576K
}
Event: 3.285 GC heap after
{Heap after GC invocations=9 (full 0):
 garbage-first heap   total 159744K, used 17762K [0x0000000700c00000, 0x0000000800000000)
  region size 2048K, 2 young (4096K), 2 survivors (4096K)
 Metaspace       used 35705K, committed 35968K, reserved 1081344K
  class space    used 4663K, committed 4800K, reserved 1048576K
}
Event: 3.942 GC heap before
{Heap before GC invocations=10 (full 0):
 garbage-first heap   total 75776K, used 58722K [0x0000000700c00000, 0x0000000800000000)
  region size 2048K, 22 young (45056K), 2 survivors (4096K)
 Metaspace       used 43717K, committed 43968K, reserved 1089536K
  class space    used 5827K, committed 5952K, reserved 1048576K
}
Event: 3.946 GC heap after
{Heap after GC invocations=11 (full 0):
 garbage-first heap   total 75776K, used 20637K [0x0000000700c00000, 0x0000000800000000)
  region size 2048K, 3 young (6144K), 3 survivors (6144K)
 Metaspace       used 43717K, committed 43968K, reserved 1089536K
  class space    used 5827K, committed 5952K, reserved 1048576K
}
Event: 3.980 GC heap before
{Heap before GC invocations=11 (full 0):
 garbage-first heap   total 75776K, used 22685K [0x0000000700c00000, 0x0000000800000000)
  region size 2048K, 4 young (8192K), 3 survivors (6144K)
 Metaspace       used 44374K, committed 44736K, reserved 1089536K
  class space    used 5921K, committed 6080K, reserved 1048576K
}
Event: 3.984 GC heap after
{Heap after GC invocations=12 (full 0):
 garbage-first heap   total 75776K, used 20746K [0x0000000700c00000, 0x0000000800000000)
  region size 2048K, 1 young (2048K), 1 survivors (2048K)
 Metaspace       used 44374K, committed 44736K, reserved 1089536K
  class space    used 5921K, committed 6080K, reserved 1048576K
}
Event: 4.821 GC heap before
{Heap before GC invocations=12 (full 0):
 garbage-first heap   total 75776K, used 53514K [0x0000000700c00000, 0x0000000800000000)
  region size 2048K, 18 young (36864K), 1 survivors (2048K)
 Metaspace       used 50383K, committed 50752K, reserved 1097728K
  class space    used 6717K, committed 6848K, reserved 1048576K
}
Event: 4.824 GC heap after
{Heap after GC invocations=13 (full 0):
 garbage-first heap   total 75776K, used 22584K [0x0000000700c00000, 0x0000000800000000)
  region size 2048K, 2 young (4096K), 2 survivors (4096K)
 Metaspace       used 50383K, committed 50752K, reserved 1097728K
  class space    used 6717K, committed 6848K, reserved 1048576K
}
Event: 5.028 GC heap before
{Heap before GC invocations=13 (full 0):
 garbage-first heap   total 75776K, used 57400K [0x0000000700c00000, 0x0000000800000000)
  region size 2048K, 19 young (38912K), 2 survivors (4096K)
 Metaspace       used 50795K, committed 51136K, reserved 1097728K
  class space    used 6738K, committed 6912K, reserved 1048576K
}
Event: 5.032 GC heap after
{Heap after GC invocations=14 (full 0):
 garbage-first heap   total 75776K, used 24023K [0x0000000700c00000, 0x0000000800000000)
  region size 2048K, 3 young (6144K), 3 survivors (6144K)
 Metaspace       used 50795K, committed 51136K, reserved 1097728K
  class space    used 6738K, committed 6912K, reserved 1048576K
}
Event: 5.568 GC heap before
{Heap before GC invocations=14 (full 0):
 garbage-first heap   total 75776K, used 54743K [0x0000000700c00000, 0x0000000800000000)
  region size 2048K, 19 young (38912K), 3 survivors (6144K)
 Metaspace       used 54214K, committed 54592K, reserved 1097728K
  class space    used 7212K, committed 7360K, reserved 1048576K
}
Event: 5.574 GC heap after
{Heap after GC invocations=15 (full 0):
 garbage-first heap   total 104448K, used 26338K [0x0000000700c00000, 0x0000000800000000)
  region size 2048K, 2 young (4096K), 2 survivors (4096K)
 Metaspace       used 54214K, committed 54592K, reserved 1097728K
  class space    used 7212K, committed 7360K, reserved 1048576K
}
Event: 135.008 GC heap before
{Heap before GC invocations=15 (full 0):
 garbage-first heap   total 104448K, used 71394K [0x0000000700c00000, 0x0000000800000000)
  region size 2048K, 26 young (53248K), 2 survivors (4096K)
 Metaspace       used 59912K, committed 60288K, reserved 1105920K
  class space    used 7850K, committed 8064K, reserved 1048576K
}
Event: 135.013 GC heap after
{Heap after GC invocations=16 (full 0):
 garbage-first heap   total 104448K, used 27880K [0x0000000700c00000, 0x0000000800000000)
  region size 2048K, 3 young (6144K), 3 survivors (6144K)
 Metaspace       used 59912K, committed 60288K, reserved 1105920K
  class space    used 7850K, committed 8064K, reserved 1048576K
}

